<?xml version="1.0" encoding="UTF-8"?>
<!-- Generated by org.testng.reporters.JUnitXMLReporter -->
<testsuite ignored="0" hostname="DESKTOP-8OTI7EM" failures="0" tests="2" name="Default test" time="17.009" errors="0" timestamp="2021-06-15T12:17:50 IST">
  <testcase classname="com.seleniumEasy.Test.TablePageVerifications" name="filterByTaskVerification" time="5.013"/>
  <testcase classname="com.seleniumEasy.Test.TablePageVerifications" name="dataVerification" time="2.994"/>
</testsuite> <!-- Default test -->
