<?xml version="1.0" encoding="UTF-8"?>
<!-- Generated by org.testng.reporters.JUnitXMLReporter -->
<testsuite ignored="2" hostname="DESKTOP-8OTI7EM" failures="0" tests="3" name="Test" time="28.619" errors="0" timestamp="2021-06-15T14:08:13 IST">
  <testcase classname="com.seleniumEasy.Test.HomePageNameVerification" name="homeVerification" time="1.583"/>
  <testcase classname="com.seleniumEasy.Test.TablePageVerifications" name="filterByTaskVerification" time="4.787"/>
  <testcase classname="com.seleniumEasy.Test.TablePageVerifications" name="dataVerification" time="2.926"/>
  <testcase classname="com.Selenium.Pages.BaseClass" name="@AfterSuite clearDown" time="0.0">
    <ignored/>
  </testcase> <!-- @AfterSuite clearDown -->
  <testcase classname="com.Selenium.Pages.BaseClass" name="@AfterSuite clearDown" time="0.0">
    <ignored/>
  </testcase> <!-- @AfterSuite clearDown -->
</testsuite> <!-- Test -->
